<?xml version="1.0" encoding="utf-8"?><testsuites name="pytest tests"><testsuite name="pytest" errors="0" failures="0" skipped="0" tests="20" time="15.601" timestamp="2026-01-18T13:49:22.019797+00:00" hostname="agent-env-62d3cdf7-47ac-4c1a-89d8-5f87f6654470"><testcase classname="tests.test_backend_api.TestHealthEndpoints" name="test_api_health" time="0.103" /><testcase classname="tests.test_backend_api.TestHealthEndpoints" name="test_api_root" time="0.045" /><testcase classname="tests.test_backend_api.TestCategories" name="test_get_categories" time="0.040" /><testcase classname="tests.test_backend_api.TestStats" name="test_get_stats" time="1.314" /><testcase classname="tests.test_backend_api.TestAuthSignup" name="test_signup_new_user" time="0.805" /><testcase classname="tests.test_backend_api.TestAuthSignup" name="test_signup_duplicate_email" time="1.137" /><testcase classname="tests.test_backend_api.TestAuthLogin" name="test_login_with_valid_credentials" time="1.346" /><testcase classname="tests.test_backend_api.TestAuthLogin" name="test_login_with_invalid_credentials" time="0.298" /><testcase classname="tests.test_backend_api.TestAuthMe" name="test_get_me_authenticated" time="1.243" /><testcase classname="tests.test_backend_api.TestAuthMe" name="test_get_me_unauthenticated" time="0.050" /><testcase classname="tests.test_backend_api.TestGigs" name="test_list_gigs" time="0.316" /><testcase classname="tests.test_backend_api.TestGigs" name="test_create_gig_authenticated" time="1.093" /><testcase classname="tests.test_backend_api.TestGigs" name="test_create_gig_unauthenticated" time="0.034" /><testcase classname="tests.test_backend_api.TestFreelancers" name="test_list_freelancers" time="0.298" /><testcase classname="tests.test_backend_api.TestFreelancers" name="test_list_freelancers_with_category_filter" time="0.299" /><testcase classname="tests.test_backend_api.TestFreelancerRegistration" name="test_register_as_freelancer" time="1.063" /><testcase classname="tests.test_backend_api.TestFreelancerRegistration" name="test_register_freelancer_unauthenticated" time="0.037" /><testcase classname="tests.test_backend_api.TestAIChat" name="test_ai_chat_unauthenticated" time="2.476" /><testcase classname="tests.test_backend_api.TestAIChat" name="test_ai_chat_authenticated" time="2.176" /><testcase classname="tests.test_backend_api.TestAIChat" name="test_ai_chat_with_conversation_history" time="1.280" /></testsuite></testsuites>